2024-07-20 00:00:23,877 [INFO] NvicIntPanel:101 - NVIC parent = com.st.microxplorer.plugins.ip.nvic.MultiNvicIntPanel[,0,0,0x0,invalid,layout=javax.swing.BoxLayout,alignmentX=0.0,alignmentY=0.0,border=,flags=9,maximumSize=,minimumSize=,preferredSize=]
2024-07-20 00:00:27,218 [INFO] UtilMem:75 - End SaveConfig() Used Memory: 311357608 Bytes (796917760)
2024-07-20 00:00:29,088 [INFO] UtilMem:75 - End SaveConfig() Used Memory: 349410200 Bytes (796917760)
2024-07-20 00:00:29,220 [INFO] BlockDiagram:2766 - set Specific Code input for plugin: ADC
2024-07-20 00:00:29,221 [INFO] BlockDiagram:2766 - set Specific Code input for plugin: NVIC
2024-07-20 00:00:29,221 [INFO] BlockDiagram:2766 - set Specific Code input for plugin: DMA
2024-07-20 00:00:29,221 [INFO] BlockDiagram:2766 - set Specific Code input for plugin: TIM1_8F0
2024-07-20 00:00:29,221 [INFO] BlockDiagram:2766 - set Specific Code input for plugin: SYS
2024-07-20 00:00:29,221 [INFO] BlockDiagram:2766 - set Specific Code input for plugin: GPIO
2024-07-20 00:00:29,221 [INFO] BlockDiagram:2766 - set Specific Code input for plugin: RCC
2024-07-20 00:00:29,221 [INFO] CodeGenerator:807 - code generatio: config db path: C:\ST\STM32CubeIDE_1.16.0\STM32CubeIDE\plugins\com.st.stm32cube.common.mx_6.12.0.202406281431\\db\
2024-07-20 00:00:29,295 [INFO] CodeEngine:255 - oldGeneratedFile, C:\Users\vanba\OneDrive\Documenten\CubeIde_Projects\projects7_24\.metadata\OrpPhModule\MXTmpFiles\license.tmp_save
2024-07-20 00:00:29,377 [INFO] CodeEngine:279 - Generated code: C:\Users\vanba\OneDrive\Documenten\CubeIde_Projects\projects7_24\.metadata\OrpPhModule\MXTmpFiles\license.tmp
2024-07-20 00:00:29,397 [INFO] CodeEngine:255 - oldGeneratedFile, C:\Users\vanba\OneDrive\Documenten\CubeIde_Projects\projects7_24\.metadata\OrpPhModule\MXTmpFiles\gpio.tmp_save
2024-07-20 00:00:29,485 [INFO] CodeEngine:279 - Generated code: C:\Users\vanba\OneDrive\Documenten\CubeIde_Projects\projects7_24\.metadata\OrpPhModule\MXTmpFiles\gpio.tmp
2024-07-20 00:00:29,559 [INFO] CodeEngine:255 - oldGeneratedFile, C:\Users\vanba\OneDrive\Documenten\CubeIde_Projects\projects7_24\.metadata\OrpPhModule\MXTmpFiles\dma.tmp_save
2024-07-20 00:00:29,662 [INFO] CodeEngine:279 - Generated code: C:\Users\vanba\OneDrive\Documenten\CubeIde_Projects\projects7_24\.metadata\OrpPhModule\MXTmpFiles\dma.tmp
2024-07-20 00:00:29,666 [INFO] CodeEngine:255 - oldGeneratedFile, C:\Users\vanba\OneDrive\Documenten\CubeIde_Projects\projects7_24\.metadata\OrpPhModule\MXTmpFiles\dma_GV.tmp_save
2024-07-20 00:00:29,709 [INFO] CodeEngine:279 - Generated code: C:\Users\vanba\OneDrive\Documenten\CubeIde_Projects\projects7_24\.metadata\OrpPhModule\MXTmpFiles\dma_GV.tmp
2024-07-20 00:00:29,727 [INFO] CodeEngine:255 - oldGeneratedFile, C:\Users\vanba\OneDrive\Documenten\CubeIde_Projects\projects7_24\.metadata\OrpPhModule\Core\Src\stm32f0xx_it.c_save
2024-07-20 00:00:29,881 [INFO] CodeEngine:279 - Generated code: C:\Users\vanba\OneDrive\Documenten\CubeIde_Projects\projects7_24\.metadata\OrpPhModule\Core\Src\stm32f0xx_it.c
2024-07-20 00:00:29,896 [INFO] CodeEngine:255 - oldGeneratedFile, C:\Users\vanba\OneDrive\Documenten\CubeIde_Projects\projects7_24\.metadata\OrpPhModule\Core\Inc\stm32f0xx_it.h_save
2024-07-20 00:00:29,975 [INFO] CodeEngine:279 - Generated code: C:\Users\vanba\OneDrive\Documenten\CubeIde_Projects\projects7_24\.metadata\OrpPhModule\Core\Inc\stm32f0xx_it.h
2024-07-20 00:00:30,013 [INFO] CodeEngine:255 - oldGeneratedFile, C:\Users\vanba\OneDrive\Documenten\CubeIde_Projects\projects7_24\.metadata\OrpPhModule\Core\Src\stm32f0xx_hal_msp.c_save
2024-07-20 00:00:30,121 [INFO] CodeEngine:279 - Generated code: C:\Users\vanba\OneDrive\Documenten\CubeIde_Projects\projects7_24\.metadata\OrpPhModule\Core\Src\stm32f0xx_hal_msp.c
2024-07-20 00:00:30,125 [INFO] CodeEngine:255 - oldGeneratedFile, C:\Users\vanba\OneDrive\Documenten\CubeIde_Projects\projects7_24\.metadata\OrpPhModule\MXTmpFiles\system.tmp_save
2024-07-20 00:00:30,171 [INFO] CodeEngine:279 - Generated code: C:\Users\vanba\OneDrive\Documenten\CubeIde_Projects\projects7_24\.metadata\OrpPhModule\MXTmpFiles\system.tmp
2024-07-20 00:00:30,185 [INFO] CodeEngine:311 - oldGeneratedFile, C:\Users\vanba\OneDrive\Documenten\CubeIde_Projects\projects7_24\.metadata\OrpPhModule\Core\Inc\stm32f0xx_hal_conf.h_save
2024-07-20 00:00:30,268 [INFO] CodeEngine:335 - Generated code: C:\Users\vanba\OneDrive\Documenten\CubeIde_Projects\projects7_24\.metadata\OrpPhModule\Core\Inc\stm32f0xx_hal_conf.h
2024-07-20 00:00:30,285 [WARN] IPConfigManager:3554 - IP not found : TIM
2024-07-20 00:00:30,286 [WARN] CodeGenerator:4002 - IP not found : null
2024-07-20 00:00:30,299 [INFO] CodeEngine:255 - oldGeneratedFile, C:\Users\vanba\OneDrive\Documenten\CubeIde_Projects\projects7_24\.metadata\OrpPhModule\Core\Inc\main.h_save
2024-07-20 00:00:30,386 [INFO] CodeEngine:279 - Generated code: C:\Users\vanba\OneDrive\Documenten\CubeIde_Projects\projects7_24\.metadata\OrpPhModule\Core\Inc\main.h
2024-07-20 00:00:30,398 [INFO] CodeEngine:255 - oldGeneratedFile, C:\Users\vanba\OneDrive\Documenten\CubeIde_Projects\projects7_24\.metadata\OrpPhModule\Core\Src\main.c_save
2024-07-20 00:00:30,509 [INFO] CodeEngine:279 - Generated code: C:\Users\vanba\OneDrive\Documenten\CubeIde_Projects\projects7_24\.metadata\OrpPhModule\Core\Src\main.c
2024-07-20 00:00:30,768 [INFO] ProjectBuilder:3249 - Time for Copy HAL[1] : 127mS.
2024-07-20 00:00:30,771 [INFO] ProjectBuilder:4828 - Project Generator version: 4.4.0-B60
2024-07-20 00:00:30,827 [INFO] ConfigFileManager:1531 - The Die is : DIE440
2024-07-20 00:00:31,471 [INFO] ProjectBuilder:5097 - Time for Generating toolchain IDE Files: 700mS.
2024-07-20 00:00:31,472 [INFO] ProjectBuilder:3107 - Time for Copy CMSIS : 1mS.
2024-07-20 00:00:31,477 [INFO] ProjectBuilder:3107 - Time for Copy CMSIS : 1mS.
2024-07-20 20:32:00,804 [INFO] WebApp:189 - Connection lost
2024-07-20 20:32:15,923 [INFO] WebApp:186 - Connection restablished
